number,value,datetime_start,datetime_complete,duration,params_V10,params_V11,params_V12,params_V9,system_attrs_cma:generation,system_attrs_cma:optimizer:0,system_attrs_cma:optimizer:1,system_attrs_fixed_params,state
42,33.0,2026-07-01 11:11:23.734360,2026-07-01 11:12:16.630231,0 days 00:00:52.895871,-88.31622074109421,59.28801624053832,-862.6784436035249,959.8217724448325,4.0,800495c7070000000000008c0a636d6165732e5f636d61948c03434d419493942981947d94288c065f6e5f64696d944b048c085f706f7073697a65944b088c035f6d75944b048c075f6d755f656666948c156e756d70792e636f72652e6d756c74696172726179948c067363616c61729493948c056e756d7079948c0564747970659493948c02663894898887945294284b038c013c944e4e4e4affffffff4affffffff4b00749462430820436f8e2acd044094869452948c035f636394680b68114308000000000000e03f94869452948c035f633194680b6811430862115f01d0aeb03f94869452948c045f636d7594680b6811430815282f55d11faa3f94869452948c085f635f7369676d6194680b6811430830ce38804161d93f94869452948c085f645f7369676d6194680b681143088c330e605058f63f94869452948c035f636d944b018c065f6368695f6e94473ffe1861861861868c085f776569676874739468098c0c5f7265636f6e737472756374949394680c8c076e6461727261799493944b0085944301629487945294284b014b088594680e8c02663894898887945294284b0368124e4e4e4affffffff4affffffff4b00749462894340c0fc6f2530f5e03f922449922449d23f912449922449c23f1c7d92cd463fa53fcb8b860adec6c5bf6f2cafd2f5baddbfd4e62ed098d4e6bf6f2cafd2f5baedbf947494628c085f705f7369676d6194682f68314b008594683387945294284b014b0485946811894320fbd3bb96875ff23ffc36b23c5c8ad8bf742bcdf717ebd9bf4c6273397a6ae23f947494628c035f706394682f68314b008594683387945294284b014b048594681189432091805c64caf7ef3f4c05d94e6341d1bf8831cb6ed941b6bfa94be03c7141d33f947494628c055f6d65616e94682f68314b008594683387945294284b014b0485946839894320bc9463bd03f3e43fabbecf48bbe9da3facfcdc1387f7c33f2fb678bf50dce33f947494628c065f7369676d6194680b68114308c7d6db911c16c53f94869452948c025f44944e8c025f42944e8c075f626f756e647394682f68314b008594683387945294284b014b044b02869468398943400000000000000000000000000000f03f0000000000000000000000000000f03f0000000000000000000000000000f03f0000000000000000000000000000f03f947494628c115f6e5f6d61785f726573616d706c696e67944b288c025f67944b048c095f6c725f616461707494898c065f616c70686194473ff66666666666668c0a5f626574615f6d65616e94473fb999999999999a8c0b5f626574615f5369676d6194473f9eb851eb851eb88c065f67616d6d6194473fb999999999999a8c065f456d65616e94682f68314b008594683387945294284b014,b044b01869468398943200000000000000000000000000000000000000000000000000000000000000000947494628c075f455369676d6194682f68314b008594683387945294284b014b104b01869468398943800000000000000000000000000000000000000000000000000000000000000000000000000000000000000000000000000000000000000000000000000000000000000000000000000000000000000000000000000000000000000000000000000000000000000000000000000000000000000000000000000000000000000000947494628c065f566d65616e944700000000000000008c075f565369676d61944700000000000000008c095f6574615f6d65616e94473ff00000000000008c0a5f6574615f5369676d6194473ff00000000000008c055f746f6c7894680b6811430816383daccc74473d94869452948c075f746f6c787570944740c38800000000008c075f746f6c66756e94473d719799812dea118c105f746f6c636f6e646974696f6e636f76944742d6bcc41e9000008c0d5f66756e686973745f7465726d944b198c0f5f66756e686973745f76616c75657394682f68314b008594683387945294284b014b32859468398942900100001daedb457e55000000000000000000009a999999999938c09a9999999999e9bf01000000008048c09a9999999999c9bf33333333333350c09a9999999999c9bfcdcccccccccc47c0676666666666f6bf204f4e20747269616c732e747269616c5f6964203d20747269616c5f76616c7565732e747269616c5f6964200a574845524520747269616c732e73747564795f6964203d203f20414e4420747269616c732e7374617465203d203f20414e4420747269616c5f76616c7565732e6f626a656374697665203d203f204f524445522042592043415345205748454e2028747269616c5f76616c7565732e76616c75655f74797065203d203f29205448454e203f205748454e2028747269616c5f76616c7565732e76616c75655f74797065203d203f29205448454e203f205748454e2028747269616c5f76616c7565732e76616c75655f74797065203d203f29205448454e203f20454e4420444553432c20747269616c5f76616c7565732e76616c756520444553430a204c494d4954203f204f4646534554203f000000000000947494628c055f635f316494682f68314b008594683387945294284b014b0a859468118943503c8e18b2957fe73fc8490bdcdc6cb83f68e57d9e4a47983f380f0f396e0bc5bfdf12a3da43b9ea3fd904ea50f619a93fd6d57575dee3c6bf029c21959e0bf33fefabe44482dcc4bffb099fdb3f55e73f9474946275622e,,COMPLETE
43,37.300000000000004,2026-07-01 11:12:16.926822,2026-07-01 11:13:09.209716,0 days 00:00:52.282894,-32.88406301941782,34.678039021001474,-900.826838250102,783.7751189145378,4.0,,,,COMPLETE
44,18.200000000000003,2026-07-01 11:13:09.453083,2026-07-01 11:13:59.435939,0 days 00:00:49.982856,-16.985784080084784,45.999496574481086,-961.7762004643491,997.1002592183127,4.0,,,,COMPLETE
45,23.0,2026-07-01 11:13:59.749522,2026-07-01 11:14:52.019188,0 days 00:00:52.269666,-68.6138543642181,71.41416554078755,-800.2818000432794,786.102111927546,4.0,,,,COMPLETE
46,38.0,2026-07-01 11:14:52.324080,2026-07-01 11:15:42.322437,0 days 00:00:49.998357,-30.05024842605968,139.29114199165312,-904.7898878707115,792.0993823936287,4.0,,,,COMPLETE
47,25.200000000000003,2026-07-01 11:15:42.598527,2026-07-01 11:16:32.121105,0 days 00:00:49.522578,-111.86050669504006,48.342759249651564,-935.6596104263771,827.4770036939428,4.0,,,,COMPLETE
48,23.900000000000002,2026-07-01 11:16:32.409176,2026-07-01 11:17:27.482661,0 days 00:00:55.073485,-63.21897085404399,114.96622221690788,-965.4998644346429,748.7241951027974,4.0,,,,COMPLETE
49,64.4,2026-07-01 11:17:27.748082,2026-07-01 11:18:18.031539,0 days 00:00:50.283457,-62.76661214980632,117.38594217451931,-924.5866200181272,714.02084843437,4.0,,,,COMPLETE
