number,value,datetime_start,datetime_complete,duration,params_V10,params_V11,params_V12,params_V15,params_V18,params_V6,params_V9,system_attrs_cma:generation,system_attrs_cma:optimizer:0,system_attrs_cma:optimizer:1,system_attrs_cma:optimizer:2,system_attrs_fixed_params,state
37,10.0,2026-06-29 14:40:56.949542,2026-06-29 14:41:20.705671,0 days 00:00:23.756129,-130.19650791752372,179.67586830351968,-928.3248401720608,-147.12528167176072,-827.7316170026298,-326.766899272058,704.6988713055231,3.0,8004958a0a0000000000008c0a636d6165732e5f636d61948c03434d419493942981947d94288c065f6e5f64696d944b078c085f706f7073697a65944b098c035f6d75944b048c075f6d755f656666948c156e756d70792e636f72652e6d756c74696172726179948c067363616c61729493948c056e756d7079948c0564747970659493948c02663894898887945294284b038c013c944e4e4e4affffffff4affffffff4b007494624308717d02f691b9064094869452948c035f636394680b681143083b180d8555dfd73f94869452948c035f633194680b681143080dd1dd01208d9c3f94869452948c045f636d7594680b681143089dc770cd16229d3f94869452948c085f635f7369676d6194680b681143085f3aa8d905e0d43f94869452948c085f645f7369676d6194680b68114308980e6a760138f53f94869452948c035f636d944b018c065f6368695f6e944740046e3f257a99d08c085f776569676874739468098c0c5f7265636f6e737472756374949394680c8c076e6461727261799493944b0085944301629487945294284b014b098594680e8c02663894898887945294284b0368124e4e4e4affffffff4affffffff4b007494628943487cd204da6899df3f10dea0917dfdd13fa0cb3a960e0fc43f8ca6f3244986b13f00000000000000009bbbe7681e4fcdbff6d7a129750bdbbf1c3fd45b8ae3e2bf780d0b05549fe7bf947494628c085f705f7369676d6194682f68314b008594683387945294284b014b078594681189433818db76631ec7e0bf57a7cae4f9b9e73f2869911090b0d8bfb3b51f69302dfbbf2601f3974505f93fb4058347937ef03f01340ba93471d6bf947494628c035f706394682f68314b008594683387945294284b014b07859468118943388338a25eb1ace0bfaaf586211ab5e93fcb058365861cd9bf1ff813f7b41afcbfa4c173e6628df93f96eea50e7c43f13fed581fb22670dbbf947494628c055f6d65616e94682f68314b008594683387945294284b014b0785946839894338c46fcc19679bd83f7d738e5d4700e33fe0efd9e94d4bd83fa086e6745202d33fa03db81efb50ea3fc913cf0dfbc9e53f216bb05ab58cdb3f947494628c065f7369676d6194680b68114308a7759c9e286bc33f94869452948c025f44944e8c025f42944e8c075f626f756e647394682f68314b008594683387945294284b014b074b02869468398943700000000000000000000000000000f03f0000000000000000000000000000f03f0000000000000000000000000000f03f0000000000000000000000000000f03f0000000000000000000000000000f03f0000000000000000000000000000f03f0000000000000000000000000000f03f947494628c115f6e5f6d61785f726573616d706c696e67944b4,68c025f67944b038c095f6c725f616461707494898c065f616c70686194473ff66666666666668c0a5f626574615f6d65616e94473fb999999999999a8c0b5f626574615f5369676d6194473f9eb851eb851eb88c065f67616d6d6194473fb999999999999a8c065f456d65616e94682f68314b008594683387945294284b014b074b01869468398943380000000000000000000000000000000000000000000000000000000000000000000000000000000000000000000000000000000000000000947494628c075f455369676d6194682f68314b008594683387945294284b014b314b01869468398942880100000000000000000000000000000000000000000000000000000000000000000000000000000000000000000000000000000000000000000000000000000000000000000000000000000000000000000000000000000000000000000000000000000000000000000000000000000000000000000000000000000000000000000000000000000000000000000000000000000000000000000000000000000000000000000000000000000000000000000000000000000000000000000000000000000000000000000000000000000000000000000000000000000000000000000000000000000000000000000000000000000000000000000000000000000000000000000000000000000000000000000000000000000000000000000000000000000000000000000000000000000000000000000000000000000000000000000000000000000000000000000000000000000000000000000000000000000000000000000000000000000000000000000000000000000000000000000000000000000000000000000000947494628c065f566d65616e944700000000000000008c075f565369676d61944700000000000000008c095f6574615f6d65616e94473ff00000000000008c0a5f6574615f5369676d6194473ff00000000000008c055f746f6c7894680b6811430816383daccc74473d94869452948c075f746f6c787570944740c38800000000008c075f746f6c66756e94473d719799812dea118c105f746f6c636f6e646974696f6e636f76944742d6bcc41e9000008c0d5f66756e686973745f7465726d944b228c0f5f66756e686973745f76616c75657394682f68314b008594683387945294284b014b44859468398942200200004ca68d5b0500000000000000000000000000000000003ec000000000000014c000000000000031c000000000000010c000000000000024c0000000000000f0bf4e472c205f4841535f44454641554c545f464143544f52592c205f5f64617461636c6173735f6275696c74696e735f6f626a6563745f5f2c205f64666c745f782c205f64666c745f7a2c205f64666c745f632c205f,64666c745f5f765f7261772c205f72657475726e5f74797065293a0a20646566205f5f696e69745f5f2873656c662c783a5f747970655f783d5f64666c745f782c7a3a5f747970655f7a3d5f64666c745f7a2c633a5f747970655f633d5f64666c745f632c5f765f7261773a5f747970655f5f765f7261773d5f64666c745f5f765f726177292d3e5f72657475726e5f747970653a0a20205f5f64617461636c6173735f6275696c74696e735f6f626a6563745f5f2e5f5f736574617474725f5f2873656c662c2778272c78290a20205f5f64617461636c6173735f6275696c74696e735f6f626a6563745f5f2e5f5f736574617474725f5f2873656c662c277a272c7a290a20205f5f64617461636c6173735f6275696c74696e735f6f626a6563745f5f2e5f5f736574617474725f5f2873656c662c2763272c63290a20205f5f64617461636c6173735f6275696c74696e735f6f626a6563745f5f2e5f5f736574617474725f5f2873656c662c275f765f726177272c5f765f726177290a2072657475726e205f5f69947494628c055f635f316494682f68314b008594683387945294284b014b1c859468118943e06bc90e116e4ded3fdb18531cff5b85bfbfe094e787e2a83fa83b6be6b4996fbf1638a42fd959c4bfbb1494194f4fb1bffca3d1aba746843f52029edfd8aeea3f0276f8159366a7bf742ff9a51b4dc5bfe0cc1cae128cb53fc6ae9d7f29d171bf0879ac825b3a72bf4b95d56a35e9ef3fd034ef67a1c4a13ff7137ed5cc5cb3bf6a4a3db7b51c9dbf70ee630d5f59943fdeadca1cce09f13ffbbc6eff724abcbfeb67c9b25ee1c0bf57880c3f9bd1bf3ff063462ada15f33fe95416212fbac63f920abe349f0ebabf9336ddd35c6aed3f5fcbe17b2280aebffca5f19e079ee93f9474946275622e,,COMPLETE
38,12.0,2026-06-29 14:41:20.962250,2026-06-29 14:41:44.841301,0 days 00:00:23.879051,-115.10858732734562,127.85586727548669,-898.8560356460057,-192.00087471081665,-852.1676473427659,-4.033466786074882,637.7126743268572,3.0,,,,,COMPLETE
39,8.0,2026-06-29 14:41:45.416018,2026-06-29 14:42:25.742676,0 days 00:00:40.326658,-112.1378436176598,168.32486822572588,-929.8709839093005,-191.1311167158211,-858.2011897056061,-83.50940705609969,793.7980338373654,3.0,,,,,COMPLETE
40,17.0,2026-06-29 14:42:25.993400,2026-06-29 14:43:11.586517,0 days 00:00:45.593117,-87.59876155114377,185.6405087218434,-893.0258989240099,-202.5002921534686,-842.2076811807276,66.51254869599666,697.6974760969013,3.0,,,,,COMPLETE
41,7.0,2026-06-29 14:43:11.863181,2026-06-29 14:43:51.345469,0 days 00:00:39.482288,-101.51402117138947,217.6275915646422,-936.4652227932737,-155.76577063035785,-858.4530558603343,-359.1721257441669,739.3508096263597,3.0,,,,,COMPLETE
42,4.0,2026-06-29 14:43:51.583099,2026-06-29 14:44:31.574287,0 days 00:00:39.991188,-152.57713069575522,215.17121106442545,-933.1699347672658,-223.45015101146242,-832.2582125485609,115.4041815993462,680.5776198723045,3.0,,,,,COMPLETE
43,7.0,2026-06-29 14:44:31.822222,2026-06-29 14:45:03.793640,0 days 00:00:31.971418,-135.39926022806347,199.79323916763795,-975.0699477127854,-223.8607058449083,-808.2287792583261,-215.71771180902795,690.2573264216687,3.0,,,,,COMPLETE
44,19.0,2026-06-29 14:45:04.057400,2026-06-29 14:45:31.414870,0 days 00:00:27.357470,-102.66168591578415,158.80016973402397,-914.0276384673919,-205.6925551243225,-825.9072086003948,-34.0659210811707,689.847269592159,3.0,,,,,COMPLETE
45,11.0,2026-06-29 14:45:31.649958,2026-06-29 14:45:55.609785,0 days 00:00:23.959827,-120.58383999833417,43.81914003322909,-892.1409678457503,-116.82251189337711,-830.6017657018772,112.77693661340027,690.5323245403248,3.0,,,,,COMPLETE
46,0.0,2026-06-29 14:45:55.860553,2026-06-29 14:46:20.821290,0 days 00:00:24.960737,-134.20180996571887,159.35140918535382,-872.575250024583,-248.13180164979707,-835.8023762824128,112.12505387655915,672.9429106307932,4.0,8004958a0a0000000000008c0a636d6165732e5f636d61948c03434d419493942981947d94288c065f6e5f64696d944b078c085f706f7073697a65944b098c035f6d75944b048c075f6d755f656666948c156e756d70792e636f72652e6d756c74696172726179948c067363616c61729493948c056e756d7079948c0564747970659493948c02663894898887945294284b038c013c944e4e4e4affffffff4affffffff4b007494624308717d02f691b9064094869452948c035f636394680b681143083b180d8555dfd73f94869452948c035f633194680b681143080dd1dd01208d9c3f94869452948c045f636d7594680b681143089dc770cd16229d3f94869452948c085f635f7369676d6194680b681143085f3aa8d905e0d43f94869452948c085f645f7369676d6194680b68114308980e6a760138f53f94869452948c035f636d944b018c065f6368695f6e944740046e3f257a99d08c085f776569676874739468098c0c5f7265636f6e737472756374949394680c8c076e6461727261799493944b0085944301629487945294284b014b098594680e8c02663894898887945294284b0368124e4e4e4affffffff4affffffff4b007494628943487cd204da6899df3f10dea0917dfdd13fa0cb3a960e0fc43f8ca6f3244986b13f00000000000000009bbbe7681e4fcdbff6d7a129750bdbbf1c3fd45b8ae3e2bf780d0b05549fe7bf947494628c085f705f7369676d6194682f68314b008594683387945294284b014b07859468118943382fb5e1f0cbf4d1bfff32370808b1d2bff0812c74bf30e23fc1669136af6b00c0d62e0c2ecd69ef3fce3bdf8184dff63f543b987d65c9f8bf947494628c035f706394682f68314b008594683387945294284b014b07859468118943387f3e9c4170becfbf1c27d4251809cabfcd445bd42897e33f635e0b820b0b01c014b4092e3d6ff03fc4300bb98402f83f09176800072bf9bf947494628c055f6d65616e94682f68314b008594683387945294284b014b07859468398943380dfeead86a30d93f9bd78ea3f962e03fc0f0b633faa3de3f6630c8826bccc63f2d5a61f26f69ea3f488185fb07d6e83fe21d334abee7d13f947494628c065f7369676d6194680b68114308af2f7b85c59fc43f94869452948c025f44944e8c025f42944e8c075f626f756e647394682f68314b008594683387945294284b014b074b02869468398943700000000000000000000000000000f03f0000000000000000000000000000f03f0000000000000000000000000000f03f0000000000000000000000000000f03f0000000000000000000000000000f03f0000000000000000000000000000f03f0000000000000000000000000000f03f947494628c115f6e5f6d61785f726573616d706c696e67944b4,68c025f67944b048c095f6c725f616461707494898c065f616c70686194473ff66666666666668c0a5f626574615f6d65616e94473fb999999999999a8c0b5f626574615f5369676d6194473f9eb851eb851eb88c065f67616d6d6194473fb999999999999a8c065f456d65616e94682f68314b008594683387945294284b014b074b01869468398943380000000000000000000000000000000000000000000000000000000000000000000000000000000000000000000000000000000000000000947494628c075f455369676d6194682f68314b008594683387945294284b014b314b01869468398942880100000000000000000000000000000000000000000000000000000000000000000000000000000000000000000000000000000000000000000000000000000000000000000000000000000000000000000000000000000000000000000000000000000000000000000000000000000000000000000000000000000000000000000000000000000000000000000000000000000000000000000000000000000000000000000000000000000000000000000000000000000000000000000000000000000000000000000000000000000000000000000000000000000000000000000000000000000000000000000000000000000000000000000000000000000000000000000000000000000000000000000000000000000000000000000000000000000000000000000000000000000000000000000000000000000000000000000000000000000000000000000000000000000000000000000000000000000000000000000000000000000000000000000000000000000000000000000000000000000000000000000000947494628c065f566d65616e944700000000000000008c075f565369676d61944700000000000000008c095f6574615f6d65616e94473ff00000000000008c0a5f6574615f5369676d6194473ff00000000000008c055f746f6c7894680b6811430816383daccc74473d94869452948c075f746f6c787570944740c38800000000008c075f746f6c66756e94473d719799812dea118c105f746f6c636f6e646974696f6e636f76944742d6bcc41e9000008c0d5f66756e686973745f7465726d944b228c0f5f66756e686973745f76616c75657394682f68314b008594683387945294284b014b44859468398942200200004ca68d5b0500000000000000000000000000000000003ec000000000000014c000000000000031c000000000000010c000000000000024c0000000000000f0bf00000000000033c000000000000010c05f464143544f52592c205f5f64617461636c6173735f6275696c74696e735f6f626a6563745f5f2c205f64666c745f782c205f64666c745f7a2c205f64666c745f632c205f,64666c745f5f765f7261772c205f72657475726e5f74797065293a0a20646566205f5f696e69745f5f2873656c662c783a5f747970655f783d5f64666c745f782c7a3a5f747970655f7a3d5f64666c745f7a2c633a5f747970655f633d5f64666c745f632c5f765f7261773a5f747970655f5f765f7261773d5f64666c745f5f765f726177292d3e5f72657475726e5f747970653a0a20205f5f64617461636c6173735f6275696c74696e735f6f626a6563745f5f2e5f5f736574617474725f5f2873656c662c2778272c78290a20205f5f64617461636c6173735f6275696c74696e735f6f626a6563745f5f2e5f5f736574617474725f5f2873656c662c277a272c7a290a20205f5f64617461636c6173735f6275696c74696e735f6f626a6563745f5f2e5f5f736574617474725f5f2873656c662c2763272c63290a20205f5f64617461636c6173735f6275696c74696e735f6f626a6563745f5f2e5f5f736574617474725f5f2873656c662c275f765f726177272c5f765f726177290a2072657475726e205f5f69947494628c055f635f316494682f68314b008594683387945294284b014b1c859468118943e01022bd0ae6c4eb3f267d1205b9aa993f8c1e1755e7f2893f139ce426f3efacbf4e34c779613ec3bf78e52f2b676aa7bfa86e0e1910e394bf7e28d64fea38ea3ff0e8f29450be9fbf333b3483c83abebf39733aa83a98b53f77363cd819e088bfc60d95b6ba4ea93f4a18f42e14ecee3f7ce3a9392fa0b0bf3570ad8282fba5bf70d96ab0839d82bfbd8cb7cebe1cabbf15bf0b95281cf23fbac0ebb64540c3bfce7f513f11e2c9bf45b66d7153d0c83f312d732f6706f33f3698c7620bb0c93f5c51be1265a2bcbf93698d780d51ed3f5c07e2e20d8fbdbf7d05811837d8ea3f9474946275622e,,COMPLETE
47,17.0,2026-06-29 14:46:21.083893,2026-06-29 14:46:45.980020,0 days 00:00:24.896127,-93.75246076722544,179.02264015999364,-881.7975960592474,-204.90554956374655,-847.9540771190684,2.5212937951492904,649.1059680692563,4.0,,,,,COMPLETE
48,10.0,2026-06-29 14:46:46.213142,2026-06-29 14:47:11.369836,0 days 00:00:25.156694,-92.27482692026037,168.09666670430084,-931.8992590164279,-175.97963196750877,-831.3509014237766,-6.116812651274245,698.4902198861341,4.0,,,,,COMPLETE
49,0.0,2026-06-29 14:47:11.622576,2026-06-29 14:47:36.224994,0 days 00:00:24.602418,-46.8711128802739,214.92677725165152,-937.6374098520234,-216.80758683275528,-852.6084179820423,-507.41226040094875,677.8624593982088,4.0,,,,,COMPLETE
