number,value,datetime_start,datetime_complete,duration,params_V10,params_V11,params_V12,params_V15,params_V18,params_V6,params_V9,system_attrs_cma:generation,system_attrs_cma:optimizer:0,system_attrs_cma:optimizer:1,system_attrs_cma:optimizer:2,system_attrs_fixed_params,state
0,28.0,2026-06-29 14:21:00.843338,2026-06-29 14:21:57.296076,0 days 00:00:56.452738,-88.3776,152.559,-952.224,-94.4797,-925.0919762305275,-1000.0,748.198,,,,,"{'V6': -1000, 'V9': 748.198, 'V10': -88.3776, 'V11': 152.559, 'V12': -952.224, 'V15': -94.4797, 'V19': -1000}",COMPLETE
1,13.0,2026-06-29 14:21:57.592808,2026-06-29 14:22:50.452139,0 days 00:00:52.859331,-50.33537895074085,46.80559213273096,-968.8010959327595,-232.57491634954016,-826.764770845013,235.92859833289094,819.5981825434216,,,,,,COMPLETE
2,0.0,2026-06-29 14:22:50.679009,2026-06-29 14:23:46.991572,0 days 00:00:56.312563,-194.8538764260494,290.9729556485983,-833.5114718399157,-186.29826679651717,-963.6350065585799,-218.5504847338285,812.4217733388136,,,,,,COMPLETE
3,7.0,2026-06-29 14:23:47.221362,2026-06-29 14:24:41.482074,0 days 00:00:54.260712,-68.81089209194053,129.58350559263474,-941.7541719603917,-66.44413158328615,-972.1012278695916,-761.574137190536,691.2726728878613,,,,,,COMPLETE
4,9.0,2026-06-29 14:24:41.680210,2026-06-29 14:25:14.782654,0 days 00:00:33.102444,-85.98250394574102,235.55278841790408,-960.065243568328,-95.72966847591653,-881.5170862275916,-620.2119569042163,709.9085529881075,,,,,,COMPLETE
5,3.0,2026-06-29 14:25:15.447113,2026-06-29 14:25:45.048439,0 days 00:00:29.601326,-157.36896907817712,19.515477895583857,-810.2228925493333,39.68960992236782,-838.3205303767078,-939.6144634640029,782.2634555704315,,,,,,COMPLETE
6,4.0,2026-06-29 14:25:45.430441,2026-06-29 14:26:13.035342,0 days 00:00:27.604901,-28.94174337196077,132.0457481218804,-975.5923530310442,-101.44692696661895,-993.1222957769563,-604.002100074618,629.3016342019151,,,,,,COMPLETE
7,19.0,2026-06-29 14:26:13.305729,2026-06-29 14:26:40.469381,0 days 00:00:27.163652,-34.369428911504514,93.51332282682328,-895.9863957644378,-85.98691619701611,-963.0291088948945,182.11652270241666,677.6339944800051,,,,,,COMPLETE
8,0.0,2026-06-29 14:26:40.750882,2026-06-29 14:27:05.727081,0 days 00:00:24.976199,34.87473539104727,268.44820512829466,-880.420004237783,26.562270506935022,-982.3014995896161,260.460016093926,832.5398470083344,,,,,,COMPLETE
9,3.0,2026-06-29 14:27:06.045792,2026-06-29 14:27:29.124996,0 days 00:00:23.079204,-118.66741730918392,116.6031869068446,-945.7301936452208,-1.3787472544211994,-928.6493346612822,-745.2222788551112,613.5681866731614,,,,,,COMPLETE
10,13.0,2026-06-29 14:27:29.387418,2026-06-29 14:27:58.633759,0 days 00:00:29.246341,-64.99960871991206,148.05614832054084,-920.1036181538171,-119.3733933839109,-875.4876023304568,-307.99803947966984,759.1283962925888,0.0,,,,,COMPLETE
11,10.0,2026-06-29 14:27:58.947620,2026-06-29 14:28:23.848942,0 days 00:00:24.901322,-83.11805596711582,104.38178142404134,-905.0676510153221,-155.07949716650285,-884.3794390547189,-525.1014581419068,786.4421807426825,0.0,,,,,COMPLETE
12,22.0,2026-06-29 14:28:24.112559,2026-06-29 14:28:47.790628,0 days 00:00:23.678069,-68.42086046995064,116.45091786529814,-866.4762743979695,-17.076253653098775,-840.7189661252063,-295.4672300683055,751.3158022291807,0.0,,,,,COMPLETE
13,5.0,2026-06-29 14:28:48.065442,2026-06-29 14:29:16.978189,0 days 00:00:28.912747,-94.26677474028979,116.56338404949985,-896.2594764190352,-192.8885288285965,-880.732620974763,-540.5273411524458,855.2307461492206,0.0,,,,,COMPLETE
14,17.0,2026-06-29 14:29:17.263412,2026-06-29 14:30:25.892676,0 days 00:01:08.629264,-67.95707073513222,151.13688256084015,-947.4862636698546,-80.34685685732549,-898.3788709400001,-607.2926202318451,797.8409605434098,0.0,,,,,COMPLETE
15,30.0,2026-06-29 14:30:26.242468,2026-06-29 14:31:41.947138,0 days 00:01:15.704670,-100.91746815085449,147.3144999162171,-960.2082755617133,-124.21837199131207,-900.0627979463936,-203.95001444226114,745.0330213477341,0.0,,,,,COMPLETE
16,13.0,2026-06-29 14:31:42.213347,2026-06-29 14:32:22.571542,0 days 00:00:40.358195,-166.60205432440188,139.71023181909703,-934.1023389165674,-48.31344830071288,-893.0089548576973,-253.409089370193,773.9365406316033,0.0,,,,,COMPLETE
17,11.0,2026-06-29 14:32:22.890816,2026-06-29 14:33:07.583655,0 days 00:00:44.692839,-111.62793319468095,139.57061834983816,-896.5689924631042,-123.84712555389524,-937.4340932172056,-53.62846003954337,743.5281041697818,0.0,,,,,COMPLETE
18,19.0,2026-06-29 14:33:07.868019,2026-06-29 14:33:34.135299,0 days 00:00:26.267280,-40.33401624477548,174.39278772054303,-876.2716875615697,-71.58903881994809,-833.6456718823208,-305.2771646140577,763.4563904692764,0.0,,,,,COMPLETE
19,4.0,2026-06-29 14:33:34.412503,2026-06-29 14:34:07.082083,0 days 00:00:32.669580,-134.19171023506675,142.7541656449103,-902.1374645546045,-104.81229329537354,-885.2728650781626,-367.83619720604406,731.7452443862012,1.0,800495680a0000000000008c0a636d6165732e5f636d61948c03434d419493942981947d94288c065f6e5f64696d944b078c085f706f7073697a65944b098c035f6d75944b048c075f6d755f656666948c156e756d70792e636f72652e6d756c74696172726179948c067363616c61729493948c056e756d7079948c0564747970659493948c02663894898887945294284b038c013c944e4e4e4affffffff4affffffff4b007494624308717d02f691b9064094869452948c035f636394680b681143083b180d8555dfd73f94869452948c035f633194680b681143080dd1dd01208d9c3f94869452948c045f636d7594680b681143089dc770cd16229d3f94869452948c085f635f7369676d6194680b681143085f3aa8d905e0d43f94869452948c085f645f7369676d6194680b68114308980e6a760138f53f94869452948c035f636d944b018c065f6368695f6e944740046e3f257a99d08c085f776569676874739468098c0c5f7265636f6e737472756374949394680c8c076e6461727261799493944b0085944301629487945294284b014b09859468118943487cd204da6899df3f10dea0917dfdd13fa0cb3a960e0fc43f8ca6f3244986b13f00000000000000009bbbe7681e4fcdbff6d7a129750bdbbf1c3fd45b8ae3e2bf780d0b05549fe7bf947494628c085f705f7369676d6194682f68314b008594683387945294284b014b07859468118943387456898fa240c3bf0791d0a984dbc5bff213030ddab6e7bfef8592904856db3fd8ffb8e37239f03f32bec3c88d43dc3fd61be174790cb53f947494628c035f706394682f68314b008594683387945294284b014b078594681189433812a75109594cc4bf6b04fe64740bc7bf238017789b00e9bf7eefb4426ad2dc3fa8adeb1d0e1bf13f5549d0cf92ccdd3f9c6d0b2b2a31b63f947494628c055f6d65616e94682f68314b008594683387945294284b014b07859468118943389f26025b31b6de3f6beb13399189de3f6814c1d409a7d93fc1a01a094dd4e13f6e1eeed9bc57e43f1500bba02de4e13f5f3a17ff245ae03f947494628c055f635f316494682f68314b008594683387945294284b014b1c859468118943e08ebcd5e1e3b7ee3f68d90cdfb36d8ebfd05088b11898853f38c62c7946c780bf7b1f070a600674bf5a306415db3d873f747aac68f8289a3fc606b2399c08ef3f0aa98f226a7568bfbd1df168ed12b0bf7ee16b21c046753fe862851328e99fbfeb61c784ea75a63f0be01118fd1cf13f8071a6d7c50e963fa85274a15c94623fdaf7457d8a7d98bfecb4a8e63bd1633f6574c090eab5ed3fac130f2b614db03f826474942796a4bfe42a4c36c5ecb53fc5cb4fe80d97f03ff0cb0940c7dbb13ffabf6d50fcb39cbfc938baf5a431ee3ff97180bc5cc7a83,fe6fc55e3174ced3f947494628c065f7369676d6194680b68114308c8da67ede51fc33f94869452948c025f44944e8c025f42944e8c075f626f756e647394682f68314b008594683387945294284b014b074b02869468118943700000000000000000000000000000f03f0000000000000000000000000000f03f0000000000000000000000000000f03f0000000000000000000000000000f03f0000000000000000000000000000f03f0000000000000000000000000000f03f0000000000000000000000000000f03f947494628c115f6e5f6d61785f726573616d706c696e67944b468c025f67944b018c095f6c725f616461707494898c065f616c70686194473ff66666666666668c0a5f626574615f6d65616e94473fb999999999999a8c0b5f626574615f5369676d6194473f9eb851eb851eb88c065f67616d6d6194473fb999999999999a8c065f456d65616e94682f68314b008594683387945294284b014b074b01869468118943380000000000000000000000000000000000000000000000000000000000000000000000000000000000000000000000000000000000000000947494628c075f455369676d6194682f68314b008594683387945294284b014b314b01869468118942880100000000000000000000000000000000000000000000000000000000000000000000000000000000000000000000000000000000000000000000000000000000000000000000000000000000000000000000000000000000000000000000000000000000000000000000000000000000000000000000000000000000000000000000000000000000000000000000000000000000000000000000000000000000000000000000000000000000000000000000000000000000000000000000000000000000000000000000000000000000000000000000000000000000000000000000000000000000000000000000000000000000000000000000000000000000000000000000000000000000000000000000000000000000000000000000000000000000000000000000000000000000000000000000000000000000000000000000000000000000000000000000000000000000000000000000000000000000000000000000000000000000000000000000000000000000000000000000000000000000000000000000947494628c065f566d65616e944700000000000000008c075f565369676d61944700000000000000008c095f6574615f6d65616e94473ff00000000000008c0a5f6574615f5369676d6194473ff00000000000008c055f746f6c7894680b6811430816383daccc74473d94869452948c075f746f6c787570944740c38800000000008c075f746f6c66756e94473d719799812dea118c105f746f6c636f6e646974696f,6e636f76944742d6bcc41e9000008c0d5f66756e686973745f7465726d944b228c0f5f66756e686973745f76616c75657394682f68314b008594683387945294284b014b44859468118942200200004ca68d5b0500000000000000000000000000000000003ec000000000000014c05f7a2c205f747970655f632c205f747970655f5f765f7261772c204d495353494e472c205f4841535f44454641554c545f464143544f52592c205f5f64617461636c6173735f6275696c74696e735f6f626a6563745f5f2c205f64666c745f782c205f64666c745f7a2c205f64666c745f632c205f64666c745f5f765f7261772c205f72657475726e5f74797065293a0a20646566205f5f696e69745f5f2873656c662c783a5f747970655f783d5f64666c745f782c7a3a5f747970655f7a3d5f64666c745f7a2c633a5f747970655f633d5f64666c745f632c5f765f7261773a5f747970655f5f765f7261773d5f64666c745f5f765f726177292d3e5f72657475726e5f747970653a0a20205f5f64617461636c6173735f6275696c74696e735f6f626a6563745f5f2e5f5f736574617474725f5f2873656c662c2778272c78290a20205f5f64617461636c6173735f6275696c74696e735f6f626a6563745f5f2e5f5f736574617474725f5f2873656c662c277a272c7a290a20205f5f64617461636c6173735f6275696c74696e735f6f626a6563745f5f2e5f5f736574617474725f5f2873656c662c2763272c63290a20205f5f64617461636c6173735f6275696c74696e735f6f626a6563745f5f2e5f5f736574617474725f5f2873656c662c275f765f726177272c5f765f726177290a2072657475726e205f5f699474946275622e,,COMPLETE
20,10.0,2026-06-29 14:34:07.506067,2026-06-29 14:34:34.864447,0 days 00:00:27.358380,-132.46146355444085,97.15383525068623,-937.4913646703005,-33.390689351536196,-836.1035354575138,-239.28741619491166,686.3359968448201,1.0,,,,,COMPLETE
21,17.0,2026-06-29 14:34:35.097893,2026-06-29 14:34:56.993290,0 days 00:00:21.895397,-116.2053062294038,164.8003555226457,-914.6115423850528,-97.24284128734831,-831.1263904417029,-150.03714787108527,723.0329672744704,1.0,,,,,COMPLETE
22,13.0,2026-06-29 14:34:57.231040,2026-06-29 14:35:23.573529,0 days 00:00:26.342489,-111.0511095884097,159.13129764007644,-946.8327150321115,-85.96068965913099,-833.2014253973636,-84.25879338987374,760.9023977297963,1.0,,,,,COMPLETE
23,9.0,2026-06-29 14:35:23.880972,2026-06-29 14:35:47.308875,0 days 00:00:23.427903,-90.8894103193266,211.3841192916738,-905.6735749475991,-87.80310275948327,-866.5170958455119,-267.319252769792,746.3494306447333,1.0,,,,,COMPLETE
24,5.0,2026-06-29 14:35:47.598926,2026-06-29 14:36:10.698253,0 days 00:00:23.099327,-130.80871514000808,240.92021284800575,-973.0599458678922,-108.0135618114858,-930.135108659855,-196.32308179070856,702.2127355838636,1.0,,,,,COMPLETE
25,7.0,2026-06-29 14:36:10.956655,2026-06-29 14:36:32.716064,0 days 00:00:21.759409,-60.270402854262414,155.61849157257356,-898.6792363977158,-59.87880272388017,-871.9387857801964,-498.28860763884927,712.7927081012222,1.0,,,,,COMPLETE
26,13.0,2026-06-29 14:36:32.944038,2026-06-29 14:36:56.526254,0 days 00:00:23.582216,-43.47181481672402,131.0034606675466,-933.542227281793,-67.03046801095115,-923.4530598641954,-538.3949573641306,737.8812468268313,1.0,,,,,COMPLETE
27,15.0,2026-06-29 14:36:56.782379,2026-06-29 14:37:18.155671,0 days 00:00:21.373292,-110.95468469495042,148.73543638292227,-932.5689099662305,-175.4998119457565,-855.0885500035976,-282.068363470765,726.1851696688901,1.0,,,,,COMPLETE
28,2.0,2026-06-29 14:37:18.390900,2026-06-29 14:37:42.011014,0 days 00:00:23.620114,-112.6152552539886,246.67755687532645,-919.1042596609612,-110.48824021010941,-856.2305492363691,-361.07537842462796,783.8512134426319,2.0,8004958a0a0000000000008c0a636d6165732e5f636d61948c03434d419493942981947d94288c065f6e5f64696d944b078c085f706f7073697a65944b098c035f6d75944b048c075f6d755f656666948c156e756d70792e636f72652e6d756c74696172726179948c067363616c61729493948c056e756d7079948c0564747970659493948c02663894898887945294284b038c013c944e4e4e4affffffff4affffffff4b007494624308717d02f691b9064094869452948c035f636394680b681143083b180d8555dfd73f94869452948c035f633194680b681143080dd1dd01208d9c3f94869452948c045f636d7594680b681143089dc770cd16229d3f94869452948c085f635f7369676d6194680b681143085f3aa8d905e0d43f94869452948c085f645f7369676d6194680b68114308980e6a760138f53f94869452948c035f636d944b018c065f6368695f6e944740046e3f257a99d08c085f776569676874739468098c0c5f7265636f6e737472756374949394680c8c076e6461727261799493944b0085944301629487945294284b014b098594680e8c02663894898887945294284b0368124e4e4e4affffffff4affffffff4b007494628943487cd204da6899df3f10dea0917dfdd13fa0cb3a960e0fc43f8ca6f3244986b13f00000000000000009bbbe7681e4fcdbff6d7a129750bdbbf1c3fd45b8ae3e2bf780d0b05549fe7bf947494628c085f705f7369676d6194682f68314b008594683387945294284b014b0785946811894338c0dc0804503bf1bffa3e504cb169d03fd8678657b051e7bfb14c869506a0e4bf2a228618be91fd3f22b6c98da106e73f4a2041cfff4ce1bf947494628c035f706394682f68314b008594683387945294284b014b07859468118943385891623cadd9f1bf09a5fd130be8d23fb24c184f7e59e8bf562e48f5a57ae5bf482e6d2feca7fe3fbca8586a4d6de83f701896466349e3bf947494628c055f6d65616e94682f68314b008594683387945294284b014b0785946839894338e0d49780884fd73f55bec9dd66c1e03fd70dcd9eb4add73f036832bab6b6dc3fee0db8fef8e0e83f70eae470a19be33f54db9afe3eebdb3f947494628c065f7369676d6194680b6811430894a09ccc5d14c33f94869452948c025f44944e8c025f42944e8c075f626f756e647394682f68314b008594683387945294284b014b074b02869468398943700000000000000000000000000000f03f0000000000000000000000000000f03f0000000000000000000000000000f03f0000000000000000000000000000f03f0000000000000000000000000000f03f0000000000000000000000000000f03f0000000000000000000000000000f03f947494628c115f6e5f6d61785f726573616d706c696e67944b4,68c025f67944b028c095f6c725f616461707494898c065f616c70686194473ff66666666666668c0a5f626574615f6d65616e94473fb999999999999a8c0b5f626574615f5369676d6194473f9eb851eb851eb88c065f67616d6d6194473fb999999999999a8c065f456d65616e94682f68314b008594683387945294284b014b074b01869468398943380000000000000000000000000000000000000000000000000000000000000000000000000000000000000000000000000000000000000000947494628c075f455369676d6194682f68314b008594683387945294284b014b314b01869468398942880100000000000000000000000000000000000000000000000000000000000000000000000000000000000000000000000000000000000000000000000000000000000000000000000000000000000000000000000000000000000000000000000000000000000000000000000000000000000000000000000000000000000000000000000000000000000000000000000000000000000000000000000000000000000000000000000000000000000000000000000000000000000000000000000000000000000000000000000000000000000000000000000000000000000000000000000000000000000000000000000000000000000000000000000000000000000000000000000000000000000000000000000000000000000000000000000000000000000000000000000000000000000000000000000000000000000000000000000000000000000000000000000000000000000000000000000000000000000000000000000000000000000000000000000000000000000000000000000000000000000000000000947494628c065f566d65616e944700000000000000008c075f565369676d61944700000000000000008c095f6574615f6d65616e94473ff00000000000008c0a5f6574615f5369676d6194473ff00000000000008c055f746f6c7894680b6811430816383daccc74473d94869452948c075f746f6c787570944740c38800000000008c075f746f6c66756e94473d719799812dea118c105f746f6c636f6e646974696f6e636f76944742d6bcc41e9000008c0d5f66756e686973745f7465726d944b228c0f5f66756e686973745f76616c75657394682f68314b008594683387945294284b014b44859468398942200200004ca68d5b0500000000000000000000000000000000003ec000000000000014c000000000000031c000000000000010c070655f5f765f7261772c204d495353494e472c205f4841535f44454641554c545f464143544f52592c205f5f64617461636c6173735f6275696c74696e735f6f626a6563745f5f2c205f64666c745f782c205f64666c745f7a2c205f64666c745f632c205f,64666c745f5f765f7261772c205f72657475726e5f74797065293a0a20646566205f5f696e69745f5f2873656c662c783a5f747970655f783d5f64666c745f782c7a3a5f747970655f7a3d5f64666c745f7a2c633a5f747970655f633d5f64666c745f632c5f765f7261773a5f747970655f5f765f7261773d5f64666c745f5f765f726177292d3e5f72657475726e5f747970653a0a20205f5f64617461636c6173735f6275696c74696e735f6f626a6563745f5f2e5f5f736574617474725f5f2873656c662c2778272c78290a20205f5f64617461636c6173735f6275696c74696e735f6f626a6563745f5f2e5f5f736574617474725f5f2873656c662c277a272c7a290a20205f5f64617461636c6173735f6275696c74696e735f6f626a6563745f5f2e5f5f736574617474725f5f2873656c662c2763272c63290a20205f5f64617461636c6173735f6275696c74696e735f6f626a6563745f5f2e5f5f736574617474725f5f2873656c662c275f765f726177272c5f765f726177290a2072657475726e205f5f69947494628c055f635f316494682f68314b008594683387945294284b014b1c859468118943e0cf5b606b26eaec3f701572ab6e187fbf29454fe0893fa93f5fef31ac3dbd89bf42915e9a2315c2bf8f3612be67b5a3bfccafd523dc7b993f6b38d7d772cdec3ff48895904f6a6c3f71beac290b81b0bfec9e3928e2ddae3f18446c5ed55092bf521390cbdc24b03f0215ecbd3f93f03f150302c9a3f4a33f16d4e7befad3adbfb0d9e148b44568bf4b066fe7cefe9d3f32c60c01d6a1ee3f6090b2a1cdca7cbf0cfdf8f16a8caabfa8aa14c0d10bbb3fc1322ce02658f23f88ecdea995bac03fa0291d355432b9bf03f151f18fb5ed3f60b302e4b20255bff7ae33312ba1ec3f9474946275622e,,COMPLETE
29,7.0,2026-06-29 14:37:42.340565,2026-06-29 14:38:05.179140,0 days 00:00:22.838575,-107.59618835981772,130.303043748191,-893.1959561202824,-127.79138309034299,-849.2930392290398,-177.33345690638168,748.6094467567821,2.0,,,,,COMPLETE
30,2.0,2026-06-29 14:38:05.413322,2026-06-29 14:38:27.708839,0 days 00:00:22.295517,-128.25907845883745,153.3510612842261,-931.8052803908156,-107.81451813648752,-820.9137784576145,-418.48168609012134,637.4821868509986,2.0,,,,,COMPLETE
31,7.0,2026-06-29 14:38:27.961662,2026-06-29 14:38:53.308410,0 days 00:00:25.346748,-98.88684124657952,233.62361384024896,-908.3863925139551,-158.44747567268354,-867.7241163750573,-141.14728311498368,762.3736003739218,2.0,,,,,COMPLETE
32,10.0,2026-06-29 14:38:53.542585,2026-06-29 14:39:20.194123,0 days 00:00:26.651538,-86.25056690144129,205.72376020828847,-919.9728293243772,-181.8941091677315,-827.7156473890745,-67.68460234886584,715.3602001392233,2.0,,,,,COMPLETE
33,7.0,2026-06-29 14:39:20.452524,2026-06-29 14:39:46.375937,0 days 00:00:25.923413,-127.1605774323555,133.83054035683617,-984.2417006032331,-111.8592999358402,-811.7601006627631,-58.43226333491771,759.596121763401,2.0,,,,,COMPLETE
34,8.0,2026-06-29 14:39:46.643704,2026-06-29 14:40:11.322978,0 days 00:00:24.679274,-90.82164084386572,215.4322742963865,-912.5898419008208,-173.31480588443765,-867.8392696860108,-323.0998861354467,744.0750226324064,2.0,,,,,COMPLETE
35,10.0,2026-06-29 14:40:11.592416,2026-06-29 14:40:33.864940,0 days 00:00:22.272524,-141.21605333339,120.53240222292855,-945.2236687037196,-125.14835411013225,-827.8666255728001,-66.28207378983336,740.2725249919368,2.0,,,,,COMPLETE
36,1.0,2026-06-29 14:40:34.111138,2026-06-29 14:40:56.401767,0 days 00:00:22.290629,-98.32177692148392,243.6586907701782,-892.2852342106823,-69.74158003618638,-817.6380918490377,17.259445722586975,761.3712192610762,2.0,,,,,COMPLETE
